<?xml version="1.0" encoding="UTF-8"?>
<!-- Generated by org.testng.reporters.JUnitReportReporter -->
<testsuite hostname="DESKTOP-HAN4VJ8" name="firsttestngpackage.ConsumerSLPLoginTest" tests="1" failures="0" timestamp="29 Jul 2016 00:33:48 GMT" time="6.156" errors="0">
  <testcase name="ConsumerSLPLogin" time="6.156" classname="firsttestngpackage.ConsumerSLPLoginTest"/>
</testsuite> <!-- firsttestngpackage.ConsumerSLPLoginTest -->
